<?xml version="1.0" encoding="UTF-8"?>
<!-- Generated by org.testng.reporters.JUnitReportReporter -->
<testsuite hostname="Gourab" failures="0" tests="1" name="Module2.nTest" time="10.516" errors="0" timestamp="2024-06-30T12:24:06 IST" skipped="0">
  <testcase classname="Module2.nTest" name="resumeupdate" time="10.516"/>
</testsuite> <!-- Module2.nTest -->
